<?xml version="1.0" encoding="UTF-8"?>
<!-- Generated by org.testng.reporters.JUnitReportReporter -->
<testsuite hostname="WorkBeast" failures="0" tests="2" name="login.DWS_Login_01_Test" time="2.802" errors="0" timestamp="2023-11-03T10:51:46 IST" skipped="0">
  <testcase classname="login.DWS_Login_01_Test" name="Login_to_the_applicagtion_with_valid_credentials" time="1.687"/>
  <testcase classname="login.DWS_Login_01_Test" name="Login_to_the_applicagtion_with_valid_credentials" time="1.115"/>
</testsuite> <!-- login.DWS_Login_01_Test -->
