<?xml version="1.0" encoding="UTF-8"?>
<!-- Generated by org.testng.reporters.JUnitReportReporter -->
<testsuite hostname="WorkBeast" failures="0" tests="1" name="Home.DWS_Home_04_Test" time="1.695" errors="0" timestamp="2023-11-03T11:06:05 IST" skipped="0">
  <testcase classname="Home.DWS_Home_04_Test" name="Add_the_product_from_Booklink_and_check_whether_the_product_is_been_added_to_cart" time="1.695"/>
</testsuite> <!-- Home.DWS_Home_04_Test -->
