<?xml version="1.0" encoding="UTF-8"?>
<!-- Generated by org.testng.reporters.JUnitReportReporter -->
<testsuite hostname="WorkBeast" failures="0" tests="4" name="frameworkWorkCheck.ExcellUtilityCheck" time="0.009" errors="0" timestamp="2023-10-27T14:03:17 IST" skipped="0">
  <testcase classname="frameworkWorkCheck.ExcellUtilityCheck" name="readData" time="0.001"/>
  <testcase classname="frameworkWorkCheck.ExcellUtilityCheck" name="readData" time="0.001"/>
  <testcase classname="frameworkWorkCheck.ExcellUtilityCheck" name="readData" time="0.001"/>
  <testcase classname="frameworkWorkCheck.ExcellUtilityCheck" name="readData" time="0.006"/>
</testsuite> <!-- frameworkWorkCheck.ExcellUtilityCheck -->
