<?xml version="1.0" encoding="UTF-8"?>
<!-- Generated by org.testng.reporters.JUnitReportReporter -->
<testsuite hostname="WorkBeast" failures="0" tests="1" name="Jewelry.DWS_Jewelry_10_Test" time="2.800" errors="0" timestamp="2023-11-03T11:59:25 IST" skipped="0">
  <testcase classname="Jewelry.DWS_Jewelry_10_Test" name="Verify_User_can_able_to_remove_the_product_from_wishlist" time="2.800"/>
</testsuite> <!-- Jewelry.DWS_Jewelry_10_Test -->
