<?xml version="1.0" encoding="UTF-8"?>
<!-- Generated by org.testng.reporters.JUnitReportReporter -->
<testsuite hostname="WorkBeast" failures="0" tests="1" name="Home.DWS_Home_07_Test" time="1.477" errors="0" timestamp="2023-11-02T11:48:21 IST" skipped="0">
  <testcase classname="Home.DWS_Home_07_Test" name="Verify_whether_the_product_is_displaying_as_per_filter_for_jewellery" time="1.477"/>
</testsuite> <!-- Home.DWS_Home_07_Test -->
