<?xml version="1.0" encoding="UTF-8"?>
<!-- Generated by org.testng.reporters.JUnitReportReporter -->
<testsuite hostname="WorkBeast" failures="0" tests="1" name="Home.DWS_Home_06_Test" time="5.853" errors="0" timestamp="2023-11-01T13:36:22 IST" skipped="0">
  <testcase classname="Home.DWS_Home_06_Test" name="Remove_the_product_from_comparelist" time="5.853"/>
</testsuite> <!-- Home.DWS_Home_06_Test -->
