<?xml version="1.0" encoding="UTF-8"?>
<!-- Generated by org.testng.reporters.JUnitReportReporter -->
<testsuite hostname="WorkBeast" failures="0" tests="1" name="Home.DWS_Home_03_Test" time="0.296" errors="0" timestamp="2023-11-02T14:58:56 IST" skipped="0">
  <testcase classname="Home.DWS_Home_03_Test" name="Add_the_product_to_the_cart_from_home_Page" time="0.296"/>
</testsuite> <!-- Home.DWS_Home_03_Test -->
