<?xml version="1.0" encoding="UTF-8"?>
<!-- Generated by org.testng.reporters.JUnitReportReporter -->
<testsuite hostname="WorkBeast" failures="0" tests="1" name="Home.DWS_Home_03" time="0.234" errors="0" timestamp="2023-10-31T18:41:27 IST" skipped="0">
  <testcase classname="Home.DWS_Home_03" name="Add_the_product_to_the_cart_from_home_Page" time="0.234"/>
</testsuite> <!-- Home.DWS_Home_03 -->
